D:\SVN\Work\Projects\Automation\InMotionWeighing\02_Designs\04_Firmware\IMWM_Cam\01_Code\Common\vmCRCConfig.h:77:1:  Warning#203  Condition always TRUE
D:\SVN\Work\Projects\Automation\InMotionWeighing\02_Designs\04_Firmware\IMWM_Cam\01_Code\Common\vmCRCConfig.h:87:1:  Warning#203  Condition always TRUE
D:\SVN\Work\Projects\Automation\InMotionWeighing\02_Designs\04_Firmware\IMWM_Cam\01_Code\Common\vmRS485Config.h:172:1:  Warning#205  Unsigned variable is never less than zero
D:\SVN\Work\Projects\Automation\InMotionWeighing\02_Designs\04_Firmware\IMWM_Cam\01_Code\Common\vmRS485Config.h:172:1:  Warning#204  Condition always FALSE
D:\SVN\Work\Projects\Automation\InMotionWeighing\02_Designs\04_Firmware\IMWM_Cam\01_Code\Common\vmRS485Config.h:999:1:  Warning#203  Condition always TRUE
D:\SVN\Work\Projects\Automation\InMotionWeighing\02_Designs\04_Firmware\IMWM_Cam\01_Code\M1_Comm_Module\vmGSMM66Config.h:382:1:  Warning#204  Condition always FALSE
D:\SVN\Work\Projects\Automation\InMotionWeighing\02_Designs\04_Firmware\IMWM_Cam\01_Code\M1_Comm_Module\vmGSMM66Config.h:415:1:  Warning#204  Condition always FALSE
D:\SVN\Work\Projects\Automation\InMotionWeighing\02_Designs\04_Firmware\IMWM_Cam\01_Code\Common\vmIBCGlobal.h:204:25:  Warning#202  Variable never used:   g_manualModeActionOnHw
D:\SVN\Work\Projects\Automation\InMotionWeighing\02_Designs\04_Firmware\IMWM_Cam\01_Code\Common\vmIBCGlobal.h:208:25:  Warning#202  Variable never used:   g_ui8IncrementIndex
D:\SVN\Work\Projects\Automation\InMotionWeighing\02_Designs\04_Firmware\IMWM_Cam\01_Code\Common\vmIBCGlobal.h:216:30:  Warning#202  Variable never used:   g_unIBCResetCalibAck
D:\SVN\Work\Projects\Automation\InMotionWeighing\02_Designs\04_Firmware\IMWM_Cam\01_Code\Common\viShiftRegister.h:131:14:  Warning#202  Variable never used:   unByte
D:\SVN\Work\Projects\Automation\InMotionWeighing\02_Designs\04_Firmware\IMWM_Cam\01_Code\M1_Comm_Module\vmM1Common.h:26:15:  Warning#202  Variable never used:   g_RS485RxBuffer
D:\SVN\Work\Projects\Automation\InMotionWeighing\02_Designs\04_Firmware\IMWM_Cam\01_Code\Common\vmIBCConfig.h:175:27:  Warning#202  Variable never used:   g_ui8IBCDataToSend
D:\SVN\Work\Projects\Automation\InMotionWeighing\02_Designs\04_Firmware\IMWM_Cam\01_Code\Common\vmIBCConfig.h:176:27:  Warning#202  Variable never used:   g_fIBCCommStatus
D:\SVN\Work\Projects\Automation\InMotionWeighing\02_Designs\04_Firmware\IMWM_Cam\01_Code\M1_Comm_Module\vmTimerConfig.h:62:16:  Warning#202  Variable never used:   g_ui16StackerEmptyDelayCount
D:\SVN\Work\Projects\Automation\InMotionWeighing\02_Designs\04_Firmware\IMWM_Cam\01_Code\M1_Comm_Module\vmTimerConfig.h:66:16:  Warning#202  Variable never used:   g_fDIChangeState
D:\SVN\Work\Projects\Automation\InMotionWeighing\02_Designs\04_Firmware\IMWM_Cam\01_Code\Common\vmRS485Config.h:133:15:  Warning#202  Variable never used:   g_uiInputOutputMatch
D:\SVN\Work\Projects\Automation\InMotionWeighing\02_Designs\04_Firmware\IMWM_Cam\01_Code\Common\vmRS485Config.h:290:20:  Warning#202  Variable never used:   ui8SendBytes
D:\SVN\Work\Projects\Automation\InMotionWeighing\02_Designs\04_Firmware\IMWM_Cam\01_Code\Common\vmRS485Config.h:810:20:  Warning#202  Variable never used:   bIsQueueEmpty
D:\SVN\Work\Projects\Automation\InMotionWeighing\02_Designs\04_Firmware\IMWM_Cam\01_Code\Common\vmRS485Config.h:948:20:  Warning#202  Variable never used:   ui16RegData
D:\SVN\Work\Projects\Automation\InMotionWeighing\02_Designs\04_Firmware\IMWM_Cam\01_Code\Common\vmRS485Config.h:967:16:  Warning#202  Variable never used:   ui16WriteAddress
D:\SVN\Work\Projects\Automation\InMotionWeighing\02_Designs\04_Firmware\IMWM_Cam\01_Code\Common\vmRS485Config.h:1064:20:  Warning#202  Variable never used:   ui32RTC
D:\SVN\Work\Projects\Automation\InMotionWeighing\02_Designs\04_Firmware\IMWM_Cam\01_Code\Common\vmRS485Config.h:1081:16:  Warning#202  Variable never used:   ui16WriteAddress
D:\SVN\Work\Projects\Automation\InMotionWeighing\02_Designs\04_Firmware\IMWM_Cam\01_Code\Common\vmRS485Config.h:1985:24:  Warning#202  Variable never used:   ui16WriteAddress
D:\SVN\Work\Projects\Automation\InMotionWeighing\02_Designs\04_Firmware\IMWM_Cam\01_Code\Common\vmRS485Config.h:2062:22:  Warning#202  Variable never used:   i8DataLen
D:\SVN\Work\Projects\Automation\InMotionWeighing\02_Designs\04_Firmware\IMWM_Cam\01_Code\M1_Comm_Module\vmGSMM66_GPRSConfig.h:881:19:  Warning#202  Variable never used:   ui8CharSeqIndex
D:\SVN\Work\Projects\Automation\InMotionWeighing\02_Designs\04_Firmware\IMWM_Cam\01_Code\M1_Comm_Module\vmGSMM66Config.h:22:16:  Warning#202  Variable never used:   g_ui8RcvPhoneNumber
D:\SVN\Work\Projects\Automation\InMotionWeighing\02_Designs\04_Firmware\IMWM_Cam\01_Code\M1_Comm_Module\vmCalibrationConfig.h:44:16:  Warning#202  Variable never used:   g_unCalibPoint
D:\SVN\Work\Projects\Automation\InMotionWeighing\02_Designs\04_Firmware\IMWM_Cam\01_Code\M1_Comm_Module\vmCalibrationConfig.h:45:20:  Warning#202  Variable never used:   g_unCalibValue
D:\SVN\Work\Projects\Automation\InMotionWeighing\02_Designs\04_Firmware\IMWM_Cam\01_Code\M1_Comm_Module\vmIBCProcessM1.h:90:19:  Warning#202  Variable never used:   ui8Counter
D:\SVN\Work\Projects\Automation\InMotionWeighing\02_Designs\04_Firmware\IMWM_Cam\01_Code\M1_Comm_Module\vmIBCProcessM1.h:98:20:  Warning#202  Variable never used:   ui16TempCurrPassStatus
      Memory usage:   ROM=41%      RAM=78% - 80%
      0 Errors,  31 Warnings.
Build Successful.
