
ROM used:   10960/65536 (17%)
            10960/65536 (17%) including unused fragments

            1.6 Average locations per line
            24.8 Average locations per statement

RAM used:   1927/3648 (53%) at main() level
            2777/3648 (76%) worst case

Stack used: 4 worst case (3 in main + 1 for interrupts)
Stack size: 31

Lines Stmts  %   Files
----- ----- ---  -----
  476   126  29  ..\vmIMW_MCU0.c
   32     0   0  ..\vmSystemConfig.h
  947     0   0  ..\18F46K80.h
   49     0   0  ..\vmPINConfig.h
  946     0   0  ..\..\Common\vmIBCConfig.h
  133    37   8  ..\..\Common\vmCRCConfig.h
  185     0   0  ..\vmDigitalIOConfig.h
  367     0   0  ..\..\Common\vmIBCGlobal.h
   47    17   4  ..\..\Common\vmADS1131.h
   53     0   0  ..\..\Common\vmEEPROMConfig.h
  645     0   0  ..\..\Common\vmStateMachine.h
  282    62  14  ..\vmTimerConfig.h
  430     0   0  ..\vmStateMachineForIMW_M0.h
  947     0   0  ..\vmADCManager.h
  341     0   0  ..\vmCalibration.h
   79     0   0  ..\vmM0ADCModuleCommon.h
  163     0   0  ..\vmAverageWeightCalculation.h
  146     0   0  ..\vmEEPROMConfig_Britania.h
  250   101  23  ..\vmStateMachine_0.h
  299    56  13  ..\vmStateMachine_1.h
  204    43  10  ..\vmIBCProcessM0.h
----- -----
 7021   442 Total

Page ROM  %  RAM    Vol Diff  Functions:
---- --- --- ---    --- ----  ----------
0     54   0    1             @delay_ms1
0    134   1    8    345  5.8  InitializeDataQueue
0     34   0    5             @MUL1616
0     66   0    8    193  5.0  CopyIBCMsg
0    500   2    8    908  9.7  InsertIBCMsgQueue
0     54   0    3             @DIV88
0    234   1    6    460  7.1  DeleteIBCMsgQueue
0     40   0    3     83  3.5  IsMSGInIBCQueue
0    792   4    5   3652  8.5  SendIBCMSGFromQ
0     84   0    1    373  5.6  IBC_Tx_ISR
0     38   0    0    307  4.2  IBC_Rx_ISR
0    448   2    2   3497  8.8  IBC_Rx_Sampling_ISR
0    140   1    6    566  5.0  read_ext_adc
0    124   1    5    230  4.2  WriteEEPROMInt16
0    104   0    7    285  1.7  ReadEEPROMInt16
0    146   1    0    491  2.4  ExecuteALLDOs
0     32   0    3    116  3.8  HandleStateError
0    612   3   20   1088 10.9  CheckState
0     14   0    0             @GOTOPTR
0     16   0    0     89  0.2  InitilizeStates
0    354   2    8   2532  4.0  StateFunc_GenericState
0    104   0    9    141  4.4  ResetCalibTable
0     66   0    3    281  4.6  InitializeAvgWtQueue
0    434   2   12   1443 10.1  InsertAvgWtQueue
0    172   1   13             @DIV3232
0    112   1    9    403  5.1  IBCSendProdModeAvgData
0     38   0    4     94  2.7  WriteLCFToEEPROM
0     42   0    2     92  1.6  ReadLCFFromEEPROM
0     36   0    1    174  2.7  ResetADCDataQ
0     88   0    0    295  5.1  StartADCSplitAvg
0    172   1    0    175  5.7  GetADCSplitSum
0    512   2   18    516  7.7  GetCalibratedWeight
0     98   0   14             @MUL3232
0     58   0   10    136  2.8  GetWeighingData
0    304   1   15   1174 10.0  IBCSendWeighingData
0    116   1   13    429  5.8  IBCSendWtInterMidData
0    180   1   15    594  6.7  IBCSendTareData
0    232   1   13    729  5.8  IBCSendCalibResetData
0    294   1    0    590  2.4  AfterADCMeanCalculationDone
0     20   0    0    112  2.6  InitDigitalIOPollingTimer
0    510   2    2   2235  8.1  DigitalIOPolling_isr
0     34   0    2    123  2.8  StateFunc_SM0_State1
0     30   0    2    145  2.8  StateFunc_SM0_State2
0     10   0    2     61  2.2  StateFunc_SM0_State3
0     30   0    2    102  2.8  StateFunc_SM0_State4
0     10   0    2     61  2.2  StateFunc_SM0_State5
0     72   0    2    341  5.3  StateFunc_SM0_State6_7
0     10   0    2     61  2.2  StateFunc_SM0_State8
0    604   3    2   7166  3.0  Initialize_StateMachine_0
0     10   0    2     61  2.2  StateFunc_SM1_State1
0     40   0    2    129  3.7  StateFunc_SM1_State2
0     38   0    2    153  4.2  StateFunc_SM1_State3
0     14   0    2    147  3.3  StateFunc_SM1_State4
0    348   2    2   3661  2.9  Initialize_StateMachine_1
0    604   3    9   2129  8.4  ProcessIBCMsg
0    190   1    0    841  4.4  InitGlobalVariables
0     26   0    0    290  1.9  InitSystemInterrupts
0     38   0    0    117  1.7  InitializeStateMachines
0    984   4    2   2428  9.4  MAIN
0     38   0    0             @goto12005
 Inline         0             @cinit1

Program metrics:
    Functions               53
    Statements              442
    Comments                1508
    Volume (V)              73497
    Difficulty (D)          248.6
    Effort to implement (E) 18269769
    Time to implement (T)   281 hours, 56 minutes
    Est Delivered Bugs (B)  23
    Cyclomatic Complexity   137
    Maintainability (MI)    144

 Segment     Used  Free
-----------  ----  ----
00000-00002     4  0  
00004-00006     0  4  
00008-000E0   218  0  
000E2-0FFFE  10738  54572  



